{"/Users/tvo/Documents/Competitive Coding/leetcodeProblems/1. Two Sum/twosum.js": {"path":"/Users/tvo/Documents/Competitive Coding/leetcodeProblems/1. Two Sum/twosum.js","all":false,"statementMap":{"0":{"start":{"line":1,"column":0},"end":{"line":1,"column":18}},"1":{"start":{"line":2,"column":0},"end":{"line":2,"column":17}},"2":{"start":{"line":3,"column":0},"end":{"line":3,"column":34}},"3":{"start":{"line":4,"column":0},"end":{"line":4,"column":2}},"4":{"start":{"line":5,"column":0},"end":{"line":5,"column":2}},"5":{"start":{"line":6,"column":0},"end":{"line":6,"column":125}},"6":{"start":{"line":7,"column":0},"end":{"line":7,"column":111}},"7":{"start":{"line":8,"column":0},"end":{"line":8,"column":43}},"8":{"start":{"line":9,"column":0},"end":{"line":9,"column":0}},"9":{"start":{"line":10,"column":0},"end":{"line":10,"column":16}},"10":{"start":{"line":11,"column":0},"end":{"line":11,"column":32}},"11":{"start":{"line":12,"column":0},"end":{"line":12,"column":32}},"12":{"start":{"line":13,"column":0},"end":{"line":13,"column":31}},"13":{"start":{"line":14,"column":0},"end":{"line":14,"column":37}},"14":{"start":{"line":15,"column":0},"end":{"line":15,"column":4}},"15":{"start":{"line":16,"column":0},"end":{"line":16,"column":2}},"16":{"start":{"line":17,"column":0},"end":{"line":17,"column":31}},"17":{"start":{"line":18,"column":0},"end":{"line":18,"column":6}},"18":{"start":{"line":19,"column":0},"end":{"line":19,"column":28}},"19":{"start":{"line":20,"column":0},"end":{"line":20,"column":27}},"20":{"start":{"line":21,"column":0},"end":{"line":21,"column":0}},"21":{"start":{"line":22,"column":0},"end":{"line":22,"column":28}},"22":{"start":{"line":23,"column":0},"end":{"line":23,"column":28}},"23":{"start":{"line":24,"column":0},"end":{"line":24,"column":24}},"24":{"start":{"line":25,"column":0},"end":{"line":25,"column":6}},"25":{"start":{"line":26,"column":0},"end":{"line":26,"column":4}},"26":{"start":{"line":27,"column":0},"end":{"line":27,"column":4}},"27":{"start":{"line":28,"column":0},"end":{"line":28,"column":35}},"28":{"start":{"line":29,"column":0},"end":{"line":29,"column":43}},"29":{"start":{"line":30,"column":0},"end":{"line":30,"column":50}},"30":{"start":{"line":31,"column":0},"end":{"line":31,"column":47}},"31":{"start":{"line":32,"column":0},"end":{"line":32,"column":30}},"32":{"start":{"line":33,"column":0},"end":{"line":33,"column":13}},"33":{"start":{"line":34,"column":0},"end":{"line":34,"column":9}},"34":{"start":{"line":35,"column":0},"end":{"line":35,"column":5}},"35":{"start":{"line":36,"column":0},"end":{"line":36,"column":14}},"36":{"start":{"line":37,"column":0},"end":{"line":37,"column":1}},"37":{"start":{"line":38,"column":0},"end":{"line":38,"column":40}},"38":{"start":{"line":39,"column":0},"end":{"line":39,"column":6}},"39":{"start":{"line":40,"column":0},"end":{"line":40,"column":26}},"40":{"start":{"line":41,"column":0},"end":{"line":41,"column":27}},"41":{"start":{"line":42,"column":0},"end":{"line":42,"column":0}},"42":{"start":{"line":43,"column":0},"end":{"line":43,"column":28}},"43":{"start":{"line":44,"column":0},"end":{"line":44,"column":28}},"44":{"start":{"line":45,"column":0},"end":{"line":45,"column":24}},"45":{"start":{"line":46,"column":0},"end":{"line":46,"column":6}},"46":{"start":{"line":47,"column":0},"end":{"line":47,"column":35}},"47":{"start":{"line":48,"column":0},"end":{"line":48,"column":0}},"48":{"start":{"line":49,"column":0},"end":{"line":49,"column":26}},"49":{"start":{"line":50,"column":0},"end":{"line":50,"column":17}},"50":{"start":{"line":51,"column":0},"end":{"line":51,"column":30}},"51":{"start":{"line":52,"column":0},"end":{"line":52,"column":35}},"52":{"start":{"line":53,"column":0},"end":{"line":53,"column":28}},"53":{"start":{"line":54,"column":0},"end":{"line":54,"column":40}},"54":{"start":{"line":55,"column":0},"end":{"line":55,"column":9}},"55":{"start":{"line":56,"column":0},"end":{"line":56,"column":34}},"56":{"start":{"line":57,"column":0},"end":{"line":57,"column":5}},"57":{"start":{"line":58,"column":0},"end":{"line":58,"column":14}},"58":{"start":{"line":59,"column":0},"end":{"line":59,"column":1}}},"s":{"0":1,"1":1,"2":1,"3":1,"4":1,"5":1,"6":1,"7":1,"8":1,"9":1,"10":1,"11":1,"12":1,"13":1,"14":1,"15":1,"16":4,"17":4,"18":4,"19":4,"20":4,"21":4,"22":4,"23":4,"24":4,"25":4,"26":4,"27":4,"28":4,"29":19780,"30":99964700,"31":2,"32":2,"33":99964700,"34":19778,"35":1,"36":1,"37":4,"38":4,"39":4,"40":4,"41":4,"42":4,"43":4,"44":4,"45":4,"46":4,"47":3,"48":3,"49":3,"50":4,"51":19873,"52":19873,"53":2,"54":2,"55":19871,"56":19871,"57":1,"58":1},"branchMap":{"0":{"type":"branch","line":17,"loc":{"start":{"line":17,"column":0},"end":{"line":37,"column":1}},"locations":[{"start":{"line":17,"column":0},"end":{"line":37,"column":1}}]},"1":{"type":"branch","line":28,"loc":{"start":{"line":28,"column":25},"end":{"line":28,"column":35}},"locations":[{"start":{"line":28,"column":25},"end":{"line":28,"column":35}}]},"2":{"type":"branch","line":28,"loc":{"start":{"line":28,"column":34},"end":{"line":29,"column":42}},"locations":[{"start":{"line":28,"column":34},"end":{"line":29,"column":42}}]},"3":{"type":"branch","line":29,"loc":{"start":{"line":29,"column":42},"end":{"line":35,"column":5}},"locations":[{"start":{"line":29,"column":42},"end":{"line":35,"column":5}}]},"4":{"type":"branch","line":30,"loc":{"start":{"line":30,"column":49},"end":{"line":34,"column":9}},"locations":[{"start":{"line":30,"column":49},"end":{"line":34,"column":9}}]},"5":{"type":"branch","line":31,"loc":{"start":{"line":31,"column":46},"end":{"line":33,"column":13}},"locations":[{"start":{"line":31,"column":46},"end":{"line":33,"column":13}}]},"6":{"type":"branch","line":34,"loc":{"start":{"line":34,"column":8},"end":{"line":35,"column":5}},"locations":[{"start":{"line":34,"column":8},"end":{"line":35,"column":5}}]},"7":{"type":"branch","line":35,"loc":{"start":{"line":35,"column":4},"end":{"line":37,"column":1}},"locations":[{"start":{"line":35,"column":4},"end":{"line":37,"column":1}}]},"8":{"type":"branch","line":38,"loc":{"start":{"line":38,"column":0},"end":{"line":59,"column":1}},"locations":[{"start":{"line":38,"column":0},"end":{"line":59,"column":1}}]},"9":{"type":"branch","line":47,"loc":{"start":{"line":47,"column":25},"end":{"line":47,"column":35}},"locations":[{"start":{"line":47,"column":25},"end":{"line":47,"column":35}}]},"10":{"type":"branch","line":47,"loc":{"start":{"line":47,"column":34},"end":{"line":51,"column":29}},"locations":[{"start":{"line":47,"column":34},"end":{"line":51,"column":29}}]},"11":{"type":"branch","line":51,"loc":{"start":{"line":51,"column":29},"end":{"line":57,"column":5}},"locations":[{"start":{"line":51,"column":29},"end":{"line":57,"column":5}}]},"12":{"type":"branch","line":53,"loc":{"start":{"line":53,"column":27},"end":{"line":55,"column":9}},"locations":[{"start":{"line":53,"column":27},"end":{"line":55,"column":9}}]},"13":{"type":"branch","line":55,"loc":{"start":{"line":55,"column":8},"end":{"line":57,"column":5}},"locations":[{"start":{"line":55,"column":8},"end":{"line":57,"column":5}}]},"14":{"type":"branch","line":57,"loc":{"start":{"line":57,"column":4},"end":{"line":59,"column":1}},"locations":[{"start":{"line":57,"column":4},"end":{"line":59,"column":1}}]}},"b":{"0":[4],"1":[1],"2":[3],"3":[19780],"4":[99964700],"5":[2],"6":[19778],"7":[1],"8":[4],"9":[1],"10":[3],"11":[19873],"12":[2],"13":[19871],"14":[1]},"fnMap":{"0":{"name":"twoSum","decl":{"start":{"line":17,"column":0},"end":{"line":37,"column":1}},"loc":{"start":{"line":17,"column":0},"end":{"line":37,"column":1}},"line":17},"1":{"name":"optimizedTwoSum","decl":{"start":{"line":38,"column":0},"end":{"line":59,"column":1}},"loc":{"start":{"line":38,"column":0},"end":{"line":59,"column":1}},"line":38}},"f":{"0":4,"1":4}}
,"/Users/tvo/Documents/Competitive Coding/leetcodeProblems/2. isAnagram/isAnagram.js": {"path":"/Users/tvo/Documents/Competitive Coding/leetcodeProblems/2. isAnagram/isAnagram.js","all":false,"statementMap":{"0":{"start":{"line":1,"column":0},"end":{"line":1,"column":18}},"1":{"start":{"line":2,"column":0},"end":{"line":2,"column":23}},"2":{"start":{"line":3,"column":0},"end":{"line":3,"column":40}},"3":{"start":{"line":4,"column":0},"end":{"line":4,"column":2}},"4":{"start":{"line":5,"column":0},"end":{"line":5,"column":2}},"5":{"start":{"line":6,"column":0},"end":{"line":6,"column":125}},"6":{"start":{"line":7,"column":0},"end":{"line":7,"column":111}},"7":{"start":{"line":8,"column":0},"end":{"line":8,"column":43}},"8":{"start":{"line":9,"column":0},"end":{"line":9,"column":0}},"9":{"start":{"line":10,"column":0},"end":{"line":10,"column":16}},"10":{"start":{"line":11,"column":0},"end":{"line":11,"column":32}},"11":{"start":{"line":12,"column":0},"end":{"line":12,"column":32}},"12":{"start":{"line":13,"column":0},"end":{"line":13,"column":31}},"13":{"start":{"line":14,"column":0},"end":{"line":14,"column":37}},"14":{"start":{"line":15,"column":0},"end":{"line":15,"column":4}},"15":{"start":{"line":16,"column":0},"end":{"line":16,"column":2}},"16":{"start":{"line":17,"column":0},"end":{"line":17,"column":26}},"17":{"start":{"line":18,"column":0},"end":{"line":18,"column":6}},"18":{"start":{"line":19,"column":0},"end":{"line":19,"column":28}},"19":{"start":{"line":20,"column":0},"end":{"line":20,"column":27}},"20":{"start":{"line":21,"column":0},"end":{"line":21,"column":0}},"21":{"start":{"line":22,"column":0},"end":{"line":22,"column":28}},"22":{"start":{"line":23,"column":0},"end":{"line":23,"column":28}},"23":{"start":{"line":24,"column":0},"end":{"line":24,"column":24}},"24":{"start":{"line":25,"column":0},"end":{"line":25,"column":6}},"25":{"start":{"line":26,"column":0},"end":{"line":26,"column":4}},"26":{"start":{"line":27,"column":0},"end":{"line":27,"column":4}},"27":{"start":{"line":28,"column":0},"end":{"line":28,"column":4}},"28":{"start":{"line":29,"column":0},"end":{"line":29,"column":43}},"29":{"start":{"line":30,"column":0},"end":{"line":30,"column":0}},"30":{"start":{"line":31,"column":0},"end":{"line":31,"column":25}},"31":{"start":{"line":32,"column":0},"end":{"line":32,"column":0}},"32":{"start":{"line":33,"column":0},"end":{"line":33,"column":17}},"33":{"start":{"line":34,"column":0},"end":{"line":34,"column":26}},"34":{"start":{"line":35,"column":0},"end":{"line":35,"column":28}},"35":{"start":{"line":36,"column":0},"end":{"line":36,"column":9}},"36":{"start":{"line":37,"column":0},"end":{"line":37,"column":39}},"37":{"start":{"line":38,"column":0},"end":{"line":38,"column":5}},"38":{"start":{"line":39,"column":0},"end":{"line":39,"column":0}},"39":{"start":{"line":40,"column":0},"end":{"line":40,"column":17}},"40":{"start":{"line":41,"column":0},"end":{"line":41,"column":47}},"41":{"start":{"line":42,"column":0},"end":{"line":42,"column":25}},"42":{"start":{"line":43,"column":0},"end":{"line":43,"column":21}},"43":{"start":{"line":44,"column":0},"end":{"line":44,"column":38}},"44":{"start":{"line":45,"column":0},"end":{"line":45,"column":5}},"45":{"start":{"line":46,"column":0},"end":{"line":46,"column":16}},"46":{"start":{"line":47,"column":0},"end":{"line":47,"column":0}},"47":{"start":{"line":48,"column":0},"end":{"line":48,"column":1}},"48":{"start":{"line":49,"column":0},"end":{"line":49,"column":35}},"49":{"start":{"line":50,"column":0},"end":{"line":50,"column":6}},"50":{"start":{"line":51,"column":0},"end":{"line":51,"column":26}},"51":{"start":{"line":52,"column":0},"end":{"line":52,"column":27}},"52":{"start":{"line":53,"column":0},"end":{"line":53,"column":0}},"53":{"start":{"line":54,"column":0},"end":{"line":54,"column":28}},"54":{"start":{"line":55,"column":0},"end":{"line":55,"column":28}},"55":{"start":{"line":56,"column":0},"end":{"line":56,"column":24}},"56":{"start":{"line":57,"column":0},"end":{"line":57,"column":6}},"57":{"start":{"line":58,"column":0},"end":{"line":58,"column":42}},"58":{"start":{"line":59,"column":0},"end":{"line":59,"column":0}},"59":{"start":{"line":60,"column":0},"end":{"line":60,"column":25}},"60":{"start":{"line":61,"column":0},"end":{"line":61,"column":0}},"61":{"start":{"line":62,"column":0},"end":{"line":62,"column":17}},"62":{"start":{"line":63,"column":0},"end":{"line":63,"column":26}},"63":{"start":{"line":64,"column":0},"end":{"line":64,"column":28}},"64":{"start":{"line":65,"column":0},"end":{"line":65,"column":9}},"65":{"start":{"line":66,"column":0},"end":{"line":66,"column":39}},"66":{"start":{"line":67,"column":0},"end":{"line":67,"column":5}},"67":{"start":{"line":68,"column":0},"end":{"line":68,"column":0}},"68":{"start":{"line":69,"column":0},"end":{"line":69,"column":17}},"69":{"start":{"line":70,"column":0},"end":{"line":70,"column":47}},"70":{"start":{"line":71,"column":0},"end":{"line":71,"column":25}},"71":{"start":{"line":72,"column":0},"end":{"line":72,"column":21}},"72":{"start":{"line":73,"column":0},"end":{"line":73,"column":38}},"73":{"start":{"line":74,"column":0},"end":{"line":74,"column":5}},"74":{"start":{"line":75,"column":0},"end":{"line":75,"column":16}},"75":{"start":{"line":76,"column":0},"end":{"line":76,"column":1}}},"s":{"0":1,"1":1,"2":1,"3":1,"4":1,"5":1,"6":1,"7":1,"8":1,"9":1,"10":1,"11":1,"12":1,"13":1,"14":1,"15":1,"16":3,"17":3,"18":3,"19":3,"20":3,"21":3,"22":3,"23":3,"24":3,"25":3,"26":3,"27":3,"28":3,"29":2,"30":2,"31":2,"32":3,"33":10,"34":7,"35":7,"36":10,"37":10,"38":2,"39":3,"40":10,"41":1,"42":1,"43":9,"44":9,"45":1,"46":1,"47":1,"48":3,"49":3,"50":3,"51":3,"52":3,"53":3,"54":3,"55":3,"56":3,"57":3,"58":2,"59":2,"60":2,"61":3,"62":10,"63":7,"64":7,"65":10,"66":10,"67":2,"68":3,"69":10,"70":1,"71":1,"72":9,"73":9,"74":1,"75":1},"branchMap":{"0":{"type":"branch","line":17,"loc":{"start":{"line":17,"column":0},"end":{"line":48,"column":1}},"locations":[{"start":{"line":17,"column":0},"end":{"line":48,"column":1}}]},"1":{"type":"branch","line":29,"loc":{"start":{"line":29,"column":30},"end":{"line":29,"column":43}},"locations":[{"start":{"line":29,"column":30},"end":{"line":29,"column":43}}]},"2":{"type":"branch","line":29,"loc":{"start":{"line":29,"column":42},"end":{"line":33,"column":16}},"locations":[{"start":{"line":29,"column":42},"end":{"line":33,"column":16}}]},"3":{"type":"branch","line":33,"loc":{"start":{"line":33,"column":16},"end":{"line":38,"column":5}},"locations":[{"start":{"line":33,"column":16},"end":{"line":38,"column":5}}]},"4":{"type":"branch","line":34,"loc":{"start":{"line":34,"column":25},"end":{"line":36,"column":9}},"locations":[{"start":{"line":34,"column":25},"end":{"line":36,"column":9}}]},"5":{"type":"branch","line":38,"loc":{"start":{"line":38,"column":4},"end":{"line":40,"column":16}},"locations":[{"start":{"line":38,"column":4},"end":{"line":40,"column":16}}]},"6":{"type":"branch","line":40,"loc":{"start":{"line":40,"column":16},"end":{"line":45,"column":5}},"locations":[{"start":{"line":40,"column":16},"end":{"line":45,"column":5}}]},"7":{"type":"branch","line":41,"loc":{"start":{"line":41,"column":24},"end":{"line":41,"column":45}},"locations":[{"start":{"line":41,"column":24},"end":{"line":41,"column":45}}]},"8":{"type":"branch","line":41,"loc":{"start":{"line":41,"column":46},"end":{"line":43,"column":21}},"locations":[{"start":{"line":41,"column":46},"end":{"line":43,"column":21}}]},"9":{"type":"branch","line":43,"loc":{"start":{"line":43,"column":8},"end":{"line":45,"column":5}},"locations":[{"start":{"line":43,"column":8},"end":{"line":45,"column":5}}]},"10":{"type":"branch","line":45,"loc":{"start":{"line":45,"column":4},"end":{"line":48,"column":1}},"locations":[{"start":{"line":45,"column":4},"end":{"line":48,"column":1}}]},"11":{"type":"branch","line":49,"loc":{"start":{"line":49,"column":0},"end":{"line":76,"column":1}},"locations":[{"start":{"line":49,"column":0},"end":{"line":76,"column":1}}]},"12":{"type":"branch","line":58,"loc":{"start":{"line":58,"column":29},"end":{"line":58,"column":42}},"locations":[{"start":{"line":58,"column":29},"end":{"line":58,"column":42}}]},"13":{"type":"branch","line":58,"loc":{"start":{"line":58,"column":41},"end":{"line":62,"column":16}},"locations":[{"start":{"line":58,"column":41},"end":{"line":62,"column":16}}]},"14":{"type":"branch","line":62,"loc":{"start":{"line":62,"column":16},"end":{"line":67,"column":5}},"locations":[{"start":{"line":62,"column":16},"end":{"line":67,"column":5}}]},"15":{"type":"branch","line":63,"loc":{"start":{"line":63,"column":25},"end":{"line":65,"column":9}},"locations":[{"start":{"line":63,"column":25},"end":{"line":65,"column":9}}]},"16":{"type":"branch","line":67,"loc":{"start":{"line":67,"column":4},"end":{"line":69,"column":16}},"locations":[{"start":{"line":67,"column":4},"end":{"line":69,"column":16}}]},"17":{"type":"branch","line":69,"loc":{"start":{"line":69,"column":16},"end":{"line":74,"column":5}},"locations":[{"start":{"line":69,"column":16},"end":{"line":74,"column":5}}]},"18":{"type":"branch","line":70,"loc":{"start":{"line":70,"column":24},"end":{"line":70,"column":45}},"locations":[{"start":{"line":70,"column":24},"end":{"line":70,"column":45}}]},"19":{"type":"branch","line":70,"loc":{"start":{"line":70,"column":46},"end":{"line":72,"column":21}},"locations":[{"start":{"line":70,"column":46},"end":{"line":72,"column":21}}]},"20":{"type":"branch","line":72,"loc":{"start":{"line":72,"column":8},"end":{"line":74,"column":5}},"locations":[{"start":{"line":72,"column":8},"end":{"line":74,"column":5}}]},"21":{"type":"branch","line":74,"loc":{"start":{"line":74,"column":4},"end":{"line":76,"column":1}},"locations":[{"start":{"line":74,"column":4},"end":{"line":76,"column":1}}]}},"b":{"0":[3],"1":[1],"2":[2],"3":[10],"4":[7],"5":[2],"6":[10],"7":[9],"8":[1],"9":[9],"10":[1],"11":[3],"12":[1],"13":[2],"14":[10],"15":[7],"16":[2],"17":[10],"18":[9],"19":[1],"20":[9],"21":[1]},"fnMap":{"0":{"name":"isAnagram","decl":{"start":{"line":17,"column":0},"end":{"line":48,"column":1}},"loc":{"start":{"line":17,"column":0},"end":{"line":48,"column":1}},"line":17},"1":{"name":"optimizedIsAnagram","decl":{"start":{"line":49,"column":0},"end":{"line":76,"column":1}},"loc":{"start":{"line":49,"column":0},"end":{"line":76,"column":1}},"line":49}},"f":{"0":3,"1":3}}
}
