TN:
SF:1. Two Sum/twosum.js
FN:17,twoSum
FN:38,optimizedTwoSum
FNF:2
FNH:2
FNDA:4,twoSum
FNDA:4,optimizedTwoSum
DA:1,1
DA:2,1
DA:3,1
DA:4,1
DA:5,1
DA:6,1
DA:7,1
DA:8,1
DA:9,1
DA:10,1
DA:11,1
DA:12,1
DA:13,1
DA:14,1
DA:15,1
DA:16,1
DA:17,4
DA:18,4
DA:19,4
DA:20,4
DA:21,4
DA:22,4
DA:23,4
DA:24,4
DA:25,4
DA:26,4
DA:27,4
DA:28,4
DA:29,4
DA:30,19780
DA:31,99964700
DA:32,2
DA:33,2
DA:34,99964700
DA:35,19778
DA:36,1
DA:37,1
DA:38,4
DA:39,4
DA:40,4
DA:41,4
DA:42,4
DA:43,4
DA:44,4
DA:45,4
DA:46,4
DA:47,4
DA:48,3
DA:49,3
DA:50,3
DA:51,4
DA:52,19873
DA:53,19873
DA:54,2
DA:55,2
DA:56,19871
DA:57,19871
DA:58,1
DA:59,1
LF:59
LH:59
BRDA:17,0,0,4
BRDA:28,1,0,1
BRDA:28,2,0,3
BRDA:29,3,0,19780
BRDA:30,4,0,99964700
BRDA:31,5,0,2
BRDA:34,6,0,19778
BRDA:35,7,0,1
BRDA:38,8,0,4
BRDA:47,9,0,1
BRDA:47,10,0,3
BRDA:51,11,0,19873
BRDA:53,12,0,2
BRDA:55,13,0,19871
BRDA:57,14,0,1
BRF:15
BRH:15
end_of_record
TN:
SF:242. Valid Anagram/isAnagram.js
FN:18,isAnagram
FN:36,optimizedIsAnagram
FNF:2
FNH:2
FNDA:6,isAnagram
FNDA:6,optimizedIsAnagram
DA:1,1
DA:2,1
DA:3,1
DA:4,1
DA:5,1
DA:6,1
DA:7,1
DA:8,1
DA:9,1
DA:10,1
DA:11,1
DA:12,1
DA:13,1
DA:14,1
DA:15,1
DA:16,1
DA:17,1
DA:18,6
DA:19,6
DA:20,6
DA:21,6
DA:22,6
DA:23,6
DA:24,6
DA:25,6
DA:26,6
DA:27,6
DA:28,6
DA:29,5
DA:30,5
DA:31,5
DA:32,5
DA:33,5
DA:34,5
DA:35,5
DA:36,6
DA:37,6
DA:38,6
DA:39,6
DA:40,6
DA:41,6
DA:42,6
DA:43,6
DA:44,6
DA:45,6
DA:46,5
DA:47,5
DA:48,5
DA:49,6
DA:50,28
DA:51,28
DA:52,22
DA:53,22
DA:54,28
DA:55,28
DA:56,5
DA:57,6
DA:58,27
DA:59,27
DA:60,27
DA:61,2
DA:62,2
DA:63,25
DA:64,25
DA:65,3
DA:66,3
LF:66
LH:66
BRDA:18,0,0,6
BRDA:28,1,0,1
BRDA:29,2,0,5
BRDA:36,3,0,6
BRDA:45,4,0,1
BRDA:45,5,0,5
BRDA:49,6,0,28
BRDA:51,7,0,22
BRDA:55,8,0,5
BRDA:57,9,0,27
BRDA:60,10,0,25
BRDA:60,11,0,2
BRDA:62,12,0,25
BRDA:64,13,0,3
BRF:14
BRH:14
end_of_record
