TN:
SF:1. Two Sum/twosum.js
FN:28,twoSum
FN:46,optimizedTwoSum
FN:61,testSuite
FN:82,checkResult
FN:88,test1
FN:95,test2
FN:102,test3
FN:109,test4
FN:115,test5
FNF:9
FNH:2
FNDA:2,twoSum
FNDA:2,optimizedTwoSum
FNDA:0,testSuite
FNDA:0,checkResult
FNDA:0,test1
FNDA:0,test2
FNDA:0,test3
FNDA:0,test4
FNDA:0,test5
DA:1,1
DA:2,1
DA:3,1
DA:4,1
DA:5,1
DA:6,1
DA:7,1
DA:8,1
DA:9,1
DA:10,1
DA:11,1
DA:12,1
DA:13,1
DA:14,1
DA:15,1
DA:16,1
DA:17,1
DA:18,1
DA:19,1
DA:20,1
DA:21,1
DA:22,1
DA:23,1
DA:24,1
DA:25,1
DA:26,1
DA:27,1
DA:28,2
DA:29,2
DA:30,9780
DA:31,49969700
DA:32,2
DA:33,2
DA:34,49969700
DA:35,9778
DA:36,0
DA:37,0
DA:38,1
DA:39,1
DA:40,1
DA:41,1
DA:42,1
DA:43,1
DA:44,1
DA:45,1
DA:46,2
DA:47,2
DA:48,2
DA:49,2
DA:50,9873
DA:51,9873
DA:52,2
DA:53,2
DA:54,9871
DA:55,9871
DA:56,0
DA:57,0
DA:58,1
DA:59,1
DA:60,1
DA:61,0
DA:62,0
DA:63,0
DA:64,0
DA:65,0
DA:66,0
DA:67,0
DA:68,0
DA:69,0
DA:70,0
DA:71,0
DA:72,0
DA:73,0
DA:74,0
DA:75,0
DA:76,0
DA:77,0
DA:78,0
DA:79,0
DA:80,0
DA:81,0
DA:82,0
DA:83,0
DA:84,0
DA:85,1
DA:86,1
DA:87,1
DA:88,0
DA:89,0
DA:90,0
DA:91,0
DA:92,0
DA:93,0
DA:94,1
DA:95,0
DA:96,0
DA:97,0
DA:98,0
DA:99,0
DA:100,0
DA:101,1
DA:102,0
DA:103,0
DA:104,0
DA:105,0
DA:106,0
DA:107,0
DA:108,1
DA:109,0
DA:110,0
DA:111,0
DA:112,0
DA:113,0
DA:114,0
DA:115,0
DA:116,0
DA:117,0
DA:118,0
DA:119,0
DA:120,0
DA:121,1
DA:122,1
DA:123,1
DA:124,1
LF:124
LH:66
BRDA:28,0,0,2
BRDA:29,1,0,9780
BRDA:30,2,0,49969700
BRDA:31,3,0,2
BRDA:34,4,0,9778
BRDA:35,5,0,0
BRDA:46,6,0,2
BRDA:49,7,0,9873
BRDA:51,8,0,2
BRDA:53,9,0,9871
BRDA:55,10,0,0
BRF:11
BRH:9
end_of_record
